{
  "0 debug pnpm:scope": {
    "selected": 1,
    "workspacePrefix": "E:\\webProject\\Monerepo\\pg-ui"
  },
  "1 error pnpm": {
    "errno": 1,
    "code": "ELIFECYCLE",
    "pkgid": "@pg-ui/utils@1.0.0",
    "stage": "build",
    "script": "vite build",
    "pkgname": "@pg-ui/utils",
    "err": {
      "name": "pnpm",
      "message": "@pg-ui/utils@1.0.0 build: `vite build`\nExit status 1",
      "code": "ELIFECYCLE",
      "stack": "pnpm: @pg-ui/utils@1.0.0 build: `vite build`\nExit status 1\n    at EventEmitter.<anonymous> (E:\\dev\\Programs\\nvm\\v16.14.0\\node_modules\\pnpm\\dist\\pnpm.cjs:106731:20)\n    at EventEmitter.emit (node:events:520:28)\n    at ChildProcess.<anonymous> (E:\\dev\\Programs\\nvm\\v16.14.0\\node_modules\\pnpm\\dist\\pnpm.cjs:93300:18)\n    at ChildProcess.emit (node:events:520:28)\n    at maybeClose (node:internal/child_process:1092:16)\n    at Process.ChildProcess._handle.onexit (node:internal/child_process:302:5)"
    }
  },
  "2 warn pnpm:global": " Local package.json exists, but node_modules missing, did you mean to install?"
}